1769242485222|irina|CREATE_PROJECT|proj_1769242485170_bb844ab3||projet1
1769242504648|irina|CREATE_TASK|proj_1769242485170_bb844ab3|task_1769242504645_aee2191c|exercice reseau  hehehaha
1769242755982|irina|CREATE_TASK|proj_1769242485170_bb844ab3|task_1769242755982_963a2321|try1  hihi
1769243410214|itu|CREATE_PROJECT|proj_1769243410194_a8fe8ba6||dada
1769243442775|itu|CREATE_TASK|proj_1769243410194_a8fe8ba6|task_1769243442775_13740cc0|mioraaa  qqqq
1769243484538|irina|CREATE_PROJECT|proj_1769243484538_8d8e6062||haha
1769243637540|itu|CREATE_TASK|proj_1769243410194_a8fe8ba6|task_1769243637540_8c5c1c71|tache2  lol
1769243673301|irina|CREATE_TASK|proj_1769243484538_8d8e6062|task_1769243673280_4f9c5226|hoho  hihi
1769243716656|miantra|CREATE_PROJECT|proj_1769243716570_01eee4c5||VAO
1769243836432|irina|CREATE_PROJECT|proj_1769243836432_bd0a2ae9||
1769244772893|irina|CREATE_TASK|proj_1769243410194_a8fe8ba6|task_1769244772854_42fff959|neny  haha
1769245446576|irina|CREATE_PROJECT|proj_1769245446537_9ce0ba6e||Miantra
1769245932733|miantra|CREATE_TASK|proj_1769242485170_bb844ab3|task_1769245932717_6162c04e|tacheeee  looooo
1769246029474|irina|CREATE_TASK|proj_1769245446537_9ce0ba6e|task_1769246029439_b5b7e423|Sakafo  noana
1769248668435|miantra|CREATE_PROJECT|proj_1769248668407_96c4a2eb||Celina
1769248685268|miantra|CREATE_TASK|proj_1769248668407_96c4a2eb|task_1769248685268_c94d5eab|caca  be tay
1769248778870|itu|CREATE_PROJECT|proj_1769248778849_925fd89c||Miantra gaigy
1769248800749|itu|CREATE_TASK|proj_1769248668407_96c4a2eb|task_1769248800748_1b0e8d69|Adala @n'azy e  
1769248825839|irina|CREATE_PROJECT|proj_1769248825747_277cd494||metyyy eeeh
1769248877819|irina|CREATE_TASK|proj_1769248825747_277cd494|task_1769248877818_4be7febe|effet  adasdawdawd
1769248902058|itu|CREATE_PROJECT|proj_1769248902058_a7136610||Lol
1769248915456|irina|CREATE_TASK|proj_1769248902058_a7136610|task_1769248915456_04225acd|hahahhihih  
1769248938242|irina|CREATE_PROJECT|proj_1769248938242_69f51f12||qwerty
1769248951610|irina|CREATE_TASK|proj_1769248938242_69f51f12|task_1769248951610_4a6d8d55|azerty  
1769248986713|miantra|CREATE_PROJECT|proj_1769248986684_0601739e||sasao
1769249064402|itu|CREATE_PROJECT|proj_1769249064173_e3bbde74||Projet
1769249076261|irina|CREATE_PROJECT|proj_1769249076223_3ab2102d||gaga
1769249109730|itu|CREATE_TASK|proj_1769249064173_e3bbde74|task_1769249109730_3961a91c|Meteza  io eee
1769249132702|irina|CREATE_TASK|proj_1769248986684_0601739e|task_1769249132701_7cb0fd5d|tatanana  
1769249652223|miantra|CREATE_PROJECT|proj_1769249652183_c505ec3d||io
1769249656316|miantra|CREATE_TASK|proj_1769249652183_c505ec3d|task_1769249656316_8e550dc7|  
1769249664246|miantra|CREATE_TASK|proj_1769249652183_c505ec3d|task_1769249664246_f974f029|oio e  iowe
1769249746555|itu|CREATE_PROJECT|proj_1769249746546_bcbc9cfe||Ngamba
1769249757672|itu|CREATE_TASK|proj_1769249652183_c505ec3d|task_1769249757672_0288d02a|Ok  
1769249771553|irina|CREATE_PROJECT|proj_1769249771529_516cdc49||
1769249780379|irina|CREATE_PROJECT|proj_1769249780379_26e90656||
1769250387409|miantra|CREATE_PROJECT|proj_1769250387401_0e8e2f3d||itu
1769250400911|miantra|CREATE_TASK|proj_1769250387401_0e8e2f3d|task_1769250400910_c8cf91a7|caca  tt
1769250477831|irina|CREATE_PROJECT|proj_1769250477718_b99c1223||pipi
1769250489291|irina|CREATE_TASK|proj_1769250477718_b99c1223|task_1769250489290_946c3707|ssese   vxcvdf
1769250592124|miantra|CREATE_TASK|proj_1769248938242_69f51f12|task_1769250592123_ac1b84a9|iii  kkk
1769251321924|miantra|CREATE_PROJECT|proj_1769251321910_a346433b||higih
1769251332480|miantra|CREATE_TASK|proj_1769251321910_a346433b|task_1769251332479_730e1e94|oooooo  uuuuu
1769252158048|irina|CREATE_PROJECT|proj_1769252157964_6fc2aa37||hehehaha
1769252593850|irina|CREATE_TASK|proj_1769252157964_6fc2aa37|task_1769252593801_2927585b|fafao eh   
1769253247703|miantra|CREATE_PROJECT|proj_1769253247632_986069ef||heheh
1769253341173|irina|CREATE_TASK|proj_1769253247632_986069ef|task_1769253341136_f697eb3a|oifw  
1769253459140|miantra|CREATE_PROJECT|proj_1769253459113_1cc68c80||alefaa
1769253542553|irina|CREATE_TASK|proj_1769253459113_1cc68c80|task_1769253542515_403ae1b7|aretteeee  
1769253555549|miantra|CREATE_PROJECT|proj_1769253555522_9eeb8560||new
1769253584208|miantra|CREATE_TASK|proj_1769253555522_9eeb8560|task_1769253584207_fffe4502|vizaka  
1769253662019|irina|CREATE_PROJECT|proj_1769253661983_de74c670||rery
1769253674063|irina|CREATE_TASK|proj_1769253661983_de74c670|task_1769253674062_e581a051|blabla  
1769254541261|miantra|CREATE_PROJECT|proj_1769254541247_20f3d519||Doda
1769254551903|miantra|CREATE_TASK|proj_1769254541247_20f3d519|task_1769254551902_f887f68a|  
1769254561966|miantra|CREATE_TASK|proj_1769254541247_20f3d519|task_1769254561966_8f7127c2|tojekk  
1769254922002|irina|UPDATE_TASK_STATE|proj_1769248986684_0601739e|task_1769249132701_7cb0fd5d|IN_PROGRESS
1769254932255|irina|UPDATE_TASK_STATE|proj_1769248986684_0601739e|task_1769249132701_7cb0fd5d|DONE
1769254936441|irina|UPDATE_TASK_STATE|proj_1769248986684_0601739e|task_1769249132701_7cb0fd5d|IN_PROGRESS
1769255045403|miantra|CREATE_TASK|proj_1769253661983_de74c670|task_1769255045403_428152bd|salutne  
1769255109132|miantra|UPDATE_TASK_STATE|proj_1769242485170_bb844ab3|task_1769242504645_aee2191c|DONE
1769255127944|miantra|UPDATE_TASK_STATE|proj_1769242485170_bb844ab3|task_1769242504645_aee2191c|IN_PROGRESS
1769255131771|miantra|UPDATE_TASK_STATE|proj_1769242485170_bb844ab3|task_1769242504645_aee2191c|DONE
1769255139683|miantra|UPDATE_TASK_STATE|proj_1769242485170_bb844ab3|task_1769242504645_aee2191c|IN_PROGRESS
1769255214774|irina|UPDATE_TASK_STATE|proj_1769242485170_bb844ab3|task_1769245932717_6162c04e|IN_PROGRESS
1769255309833|irina|CREATE_PROJECT|proj_1769255309794_f0e9b694||dera
1769256063157|irina|CREATE_PROJECT|proj_1769256063027_82cf79e4||fire
1769256090947|miantra|CREATE_PROJECT|proj_1769256090922_4e22e66b||beeee
1769256109267|miantra|CREATE_TASK|proj_1769256090922_4e22e66b|task_1769256109266_13c47a13|Tacheee kely  
1769256188095|irina|UPDATE_TASK_STATE|proj_1769256090922_4e22e66b|task_1769256109266_13c47a13|DONE
1769256203393|irina|UPDATE_TASK_STATE|proj_1769256090922_4e22e66b|task_1769256109266_13c47a13|IN_PROGRESS
1769258432880|miantra|UPDATE_TASK_STATE|proj_1769242485170_bb844ab3|task_1769242504645_aee2191c|TODO
1769258512349|irina|UPDATE_TASK_STATE|proj_1769242485170_bb844ab3|task_1769245932717_6162c04e|DONE
1769259349974|irina|DELETE_PROJECT|proj_1769256090922_4e22e66b||
1769259370689|irina|DELETE_TASK|proj_1769254541247_20f3d519|task_1769254551902_f887f68a|
1769259382214|irina|DELETE_PROJECT|proj_1769256063027_82cf79e4||
1769259386020|irina|DELETE_PROJECT|proj_1769250477718_b99c1223||
1769259392792|irina|DELETE_PROJECT|proj_1769249652183_c505ec3d||
1769259396284|irina|DELETE_PROJECT|proj_1769253459113_1cc68c80||
1769259399133|irina|DELETE_PROJECT|proj_1769248778849_925fd89c||
1769259401998|irina|DELETE_PROJECT|proj_1769248825747_277cd494||
1769259405162|irina|DELETE_PROJECT|proj_1769243836432_bd0a2ae9||
1769259408304|irina|DELETE_PROJECT|proj_1769249771529_516cdc49||
1769259411538|irina|DELETE_PROJECT|proj_1769249780379_26e90656||
1769259418584|irina|DELETE_PROJECT|proj_1769243410194_a8fe8ba6||
1769259422749|irina|DELETE_PROJECT|proj_1769243484538_8d8e6062||
1769259428307|irina|DELETE_PROJECT|proj_1769251321910_a346433b||
1769259432768|irina|DELETE_PROJECT|proj_1769248938242_69f51f12||
1769259435567|irina|DELETE_PROJECT|proj_1769248986684_0601739e||
1769259440326|irina|DELETE_PROJECT|proj_1769254541247_20f3d519||
1769259443022|irina|DELETE_PROJECT|proj_1769255309794_f0e9b694||
1769259447387|irina|DELETE_PROJECT|proj_1769253661983_de74c670||
1769259457743|irina|DELETE_PROJECT|proj_1769252157964_6fc2aa37||
1769259464068|irina|DELETE_PROJECT|proj_1769253247632_986069ef||
1769259466707|irina|DELETE_PROJECT|proj_1769249746546_bcbc9cfe||
1769259544074|miantra|UPDATE_TASK_STATE|proj_1769242485170_bb844ab3|task_1769242504645_aee2191c|IN_PROGRESS
1769259619112|irina|UPDATE_TASK_STATE|proj_1769242485170_bb844ab3|task_1769242755982_963a2321|IN_PROGRESS
1769259643308|irina|DELETE_TASK|proj_1769242485170_bb844ab3|task_1769242755982_963a2321|
1769259691368|irina|UPDATE_TASK_STATE|proj_1769242485170_bb844ab3|task_1769242504645_aee2191c|DONE
1769259694742|irina|DELETE_TASK|proj_1769242485170_bb844ab3|task_1769242504645_aee2191c|
1769259718214|irina|UPDATE_TASK_STATE|proj_1769242485170_bb844ab3|task_1769245932717_6162c04e|TODO
1769260120001|irina|DELETE_TASK|proj_1769242485170_bb844ab3|task_1769245932717_6162c04e|
1769260147993|miantra|CREATE_TASK|proj_1769242485170_bb844ab3|task_1769260147949_c8de5969|tachekely  
1769260155658|miantra|DELETE_TASK|proj_1769242485170_bb844ab3|task_1769260147949_c8de5969|
1769260163816|miantra|DELETE_PROJECT|proj_1769249076223_3ab2102d||
1769260242178|irina|DELETE_PROJECT|proj_1769248902058_a7136610||
1769260269054|irina|UPDATE_TASK_STATE|proj_1769250387401_0e8e2f3d|task_1769250400910_c8cf91a7|DONE
1769260274037|irina|UPDATE_TASK_STATE|proj_1769250387401_0e8e2f3d|task_1769250400910_c8cf91a7|IN_PROGRESS
1769260293684|irina|UPDATE_TASK_STATE|proj_1769248668407_96c4a2eb|task_1769248800748_1b0e8d69|DONE
1769260786141|irina|DELETE_TASK|proj_1769248668407_96c4a2eb|task_1769248800748_1b0e8d69|
1769260806182|irina|CREATE_PROJECT|proj_1769260806153_715c5c8e||farany
1769260821487|irina|CREATE_TASK|proj_1769260806153_715c5c8e|task_1769260821486_66fd7b30|interface  
1769260828365|irina|UPDATE_TASK_STATE|proj_1769260806153_715c5c8e|task_1769260821486_66fd7b30|IN_PROGRESS
1769260903408|miantra|CREATE_PROJECT|proj_1769260903392_70544b4e||bo
1769260935899|miantra|CREATE_TASK|proj_1769260903392_70544b4e|task_1769260935898_5e4a1c41|bobo  
1769260945419|miantra|CREATE_TASK|proj_1769260903392_70544b4e|task_1769260945419_4e39ca36|ba  
1769260949598|miantra|DELETE_TASK|proj_1769260903392_70544b4e|task_1769260935898_5e4a1c41|
1769260955315|miantra|CREATE_TASK|proj_1769260903392_70544b4e|task_1769260955315_800bfa17|bu  
1769261026918|irina|UPDATE_TASK_STATE|proj_1769260903392_70544b4e|task_1769260955315_800bfa17|DONE
1769261046907|irina|UPDATE_TASK_STATE|proj_1769260903392_70544b4e|task_1769260955315_800bfa17|IN_PROGRESS
1769261048355|irina|UPDATE_TASK_STATE|proj_1769260903392_70544b4e|task_1769260955315_800bfa17|DONE
1769261093842|irina|DELETE_TASK|proj_1769260903392_70544b4e|task_1769260955315_800bfa17|
1769261114312|irina|UPDATE_TASK_STATE|proj_1769260903392_70544b4e|task_1769260945419_4e39ca36|DONE
1769261127803|irina|UPDATE_TASK_STATE|proj_1769260903392_70544b4e|task_1769260945419_4e39ca36|IN_PROGRESS
1769314185452|irina|UPDATE_TASK_STATE|proj_1769245446537_9ce0ba6e|task_1769246029439_b5b7e423|DONE
1769314196286|irina|UPDATE_TASK_STATE|proj_1769245446537_9ce0ba6e|task_1769246029439_b5b7e423|TODO
